0 info it worked if it ends with ok
1 verbose cli [ '/usr/bin/node', '/usr/bin/npm', 'run', 'testEndpoints' ]
2 info using npm@3.5.2
3 info using node@v8.10.0
4 verbose run-script [ 'pretestEndpoints', 'testEndpoints', 'posttestEndpoints' ]
5 info lifecycle outsmart_options@1.0.0~pretestEndpoints: outsmart_options@1.0.0
6 silly lifecycle outsmart_options@1.0.0~pretestEndpoints: no script for pretestEndpoints, continuing
7 info lifecycle outsmart_options@1.0.0~testEndpoints: outsmart_options@1.0.0
8 verbose lifecycle outsmart_options@1.0.0~testEndpoints: unsafe-perm in lifecycle true
9 verbose lifecycle outsmart_options@1.0.0~testEndpoints: PATH: /usr/share/npm/bin/node-gyp-bin:/home/j/OutsmartOptions/node_modules/.bin:/home/j/.local/bin:/home/j/bin:/home/j/.local/bin:/home/j/bin:/usr/local/sbin:/usr/local/bin:/usr/sbin:/usr/bin:/sbin:/bin:/usr/games:/usr/local/games:/snap/bin
10 verbose lifecycle outsmart_options@1.0.0~testEndpoints: CWD: /home/j/OutsmartOptions
11 silly lifecycle outsmart_options@1.0.0~testEndpoints: Args: [ '-c', 'jest test/nodeTests --runInBand' ]
12 silly lifecycle outsmart_options@1.0.0~testEndpoints: Returned: code: 1  signal: null
13 info lifecycle outsmart_options@1.0.0~testEndpoints: Failed to exec testEndpoints script
14 verbose stack Error: outsmart_options@1.0.0 testEndpoints: `jest test/nodeTests --runInBand`
14 verbose stack Exit status 1
14 verbose stack     at EventEmitter.<anonymous> (/usr/share/npm/lib/utils/lifecycle.js:232:16)
14 verbose stack     at emitTwo (events.js:126:13)
14 verbose stack     at EventEmitter.emit (events.js:214:7)
14 verbose stack     at ChildProcess.<anonymous> (/usr/share/npm/lib/utils/spawn.js:24:14)
14 verbose stack     at emitTwo (events.js:126:13)
14 verbose stack     at ChildProcess.emit (events.js:214:7)
14 verbose stack     at maybeClose (internal/child_process.js:925:16)
14 verbose stack     at Process.ChildProcess._handle.onexit (internal/child_process.js:209:5)
15 verbose pkgid outsmart_options@1.0.0
16 verbose cwd /home/j/OutsmartOptions
17 error Linux 4.15.0-74-generic
18 error argv "/usr/bin/node" "/usr/bin/npm" "run" "testEndpoints"
19 error node v8.10.0
20 error npm  v3.5.2
21 error code ELIFECYCLE
22 error outsmart_options@1.0.0 testEndpoints: `jest test/nodeTests --runInBand`
22 error Exit status 1
23 error Failed at the outsmart_options@1.0.0 testEndpoints script 'jest test/nodeTests --runInBand'.
23 error Make sure you have the latest version of node.js and npm installed.
23 error If you do, this is most likely a problem with the outsmart_options package,
23 error not with npm itself.
23 error Tell the author that this fails on your system:
23 error     jest test/nodeTests --runInBand
23 error You can get information on how to open an issue for this project with:
23 error     npm bugs outsmart_options
23 error Or if that isn't available, you can get their info via:
23 error     npm owner ls outsmart_options
23 error There is likely additional logging output above.
24 verbose exit [ 1, true ]
